# JRE version: Java(TM) SE Runtime Environment (8.0_161-b12) (build 1.8.0_161-b12)
# Java VM: Java HotSpot(TM) 64-Bit Server VM (25.161-b12 mixed mode windows-amd64 compressed oops)
Heap:
 PSYoungGen      total 76288K, used 21018K [0x000000076b500000, 0x0000000772280000, 0x00000007c0000000)
  eden space 65536K, 17% used [0x000000076b500000,0x000000076c008820,0x000000076f500000)
  from space 10752K, 90% used [0x000000076f500000,0x000000076fe7e2a0,0x000000076ff80000)
  to   space 10752K, 0% used [0x0000000771800000,0x0000000771800000,0x0000000772280000)
 ParOldGen       total 114176K, used 10091K [0x00000006c1e00000, 0x00000006c8d80000, 0x000000076b500000)
  object space 114176K, 8% used [0x00000006c1e00000,0x00000006c27dacd0,0x00000006c8d80000)
 Metaspace       used 33672K, capacity 34292K, committed 34480K, reserved 1079296K
  class space    used 4578K, capacity 4739K, committed 4784K, reserved 1048576K
GC Heap History (8 events):
Event: 1.248 GC heap before
{Heap before GC invocations=1 (full 0):
 PSYoungGen      total 76288K, used 65536K [0x000000076b500000, 0x0000000770a00000, 0x00000007c0000000)
  eden space 65536K, 100% used [0x000000076b500000,0x000000076f500000,0x000000076f500000)
  from space 10752K, 0% used [0x000000076ff80000,0x000000076ff80000,0x0000000770a00000)
  to   space 10752K, 0% used [0x000000076f500000,0x000000076f500000,0x000000076ff80000)
 ParOldGen       total 175104K, used 0K [0x00000006c1e00000, 0x00000006cc900000, 0x000000076b500000)
  object space 175104K, 0% used [0x00000006c1e00000,0x00000006c1e00000,0x00000006cc900000)
 Metaspace       used 14507K, capacity 14922K, committed 15232K, reserved 1062912K
  class space    used 1741K, capacity 1858K, committed 1920K, reserved 1048576K
Event: 1.253 GC heap after
Heap after GC invocations=1 (full 0):
 PSYoungGen      total 76288K, used 7289K [0x000000076b500000, 0x0000000770a00000, 0x00000007c0000000)
  eden space 65536K, 0% used [0x000000076b500000,0x000000076b500000,0x000000076f500000)
  from space 10752K, 67% used [0x000000076f500000,0x000000076fc1e430,0x000000076ff80000)
  to   space 10752K, 0% used [0x000000076ff80000,0x000000076ff80000,0x0000000770a00000)
 ParOldGen       total 175104K, used 80K [0x00000006c1e00000, 0x00000006cc900000, 0x000000076b500000)
  object space 175104K, 0% used [0x00000006c1e00000,0x00000006c1e14010,0x00000006cc900000)
 Metaspace       used 14507K, capacity 14922K, committed 15232K, reserved 1062912K
  class space    used 1741K, capacity 1858K, committed 1920K, reserved 1048576K
}
Event: 1.589 GC heap before
{Heap before GC invocations=2 (full 0):
 PSYoungGen      total 76288K, used 50277K [0x000000076b500000, 0x0000000770a00000, 0x00000007c0000000)
  eden space 65536K, 65% used [0x000000076b500000,0x000000076defb000,0x000000076f500000)
  from space 10752K, 67% used [0x000000076f500000,0x000000076fc1e430,0x000000076ff80000)
  to   space 10752K, 0% used [0x000000076ff80000,0x000000076ff80000,0x0000000770a00000)
 ParOldGen       total 175104K, used 80K [0x00000006c1e00000, 0x00000006cc900000, 0x000000076b500000)
  object space 175104K, 0% used [0x00000006c1e00000,0x00000006c1e14010,0x00000006cc900000)
 Metaspace       used 20769K, capacity 21178K, committed 21296K, reserved 1067008K
  class space    used 2737K, capacity 2864K, committed 2864K, reserved 1048576K
Event: 1.595 GC heap after
Heap after GC invocations=2 (full 0):
 PSYoungGen      total 76288K, used 10437K [0x000000076b500000, 0x0000000770a00000, 0x00000007c0000000)
  eden space 65536K, 0% used [0x000000076b500000,0x000000076b500000,0x000000076f500000)
  from space 10752K, 97% used [0x000000076ff80000,0x00000007709b15f0,0x0000000770a00000)
  to   space 10752K, 0% used [0x000000076f500000,0x000000076f500000,0x000000076ff80000)
 ParOldGen       total 175104K, used 88K [0x00000006c1e00000, 0x00000006cc900000, 0x000000076b500000)
  object space 175104K, 0% used [0x00000006c1e00000,0x00000006c1e16010,0x00000006cc900000)
 Metaspace       used 20769K, capacity 21178K, committed 21296K, reserved 1067008K
  class space    used 2737K, capacity 2864K, committed 2864K, reserved 1048576K
}
Event: 1.595 GC heap before
{Heap before GC invocations=3 (full 1):
 PSYoungGen      total 76288K, used 10437K [0x000000076b500000, 0x0000000770a00000, 0x00000007c0000000)
  eden space 65536K, 0% used [0x000000076b500000,0x000000076b500000,0x000000076f500000)
  from space 10752K, 97% used [0x000000076ff80000,0x00000007709b15f0,0x0000000770a00000)
  to   space 10752K, 0% used [0x000000076f500000,0x000000076f500000,0x000000076ff80000)
 ParOldGen       total 175104K, used 88K [0x00000006c1e00000, 0x00000006cc900000, 0x000000076b500000)
  object space 175104K, 0% used [0x00000006c1e00000,0x00000006c1e16010,0x00000006cc900000)
 Metaspace       used 20769K, capacity 21178K, committed 21296K, reserved 1067008K
  class space    used 2737K, capacity 2864K, committed 2864K, reserved 1048576K
Event: 1.619 GC heap after
Heap after GC invocations=3 (full 1):
 PSYoungGen      total 76288K, used 0K [0x000000076b500000, 0x0000000770a00000, 0x00000007c0000000)
  eden space 65536K, 0% used [0x000000076b500000,0x000000076b500000,0x000000076f500000)
  from space 10752K, 0% used [0x000000076ff80000,0x000000076ff80000,0x0000000770a00000)
  to   space 10752K, 0% used [0x000000076f500000,0x000000076f500000,0x000000076ff80000)
 ParOldGen       total 114176K, used 10083K [0x00000006c1e00000, 0x00000006c8d80000, 0x000000076b500000)
  object space 114176K, 8% used [0x00000006c1e00000,0x00000006c27d8cd0,0x00000006c8d80000)
 Metaspace       used 20769K, capacity 21178K, committed 21296K, reserved 1067008K
  class space    used 2737K, capacity 2864K, committed 2864K, reserved 1048576K
}
Event: 2.472 GC heap before
{Heap before GC invocations=4 (full 1):
 PSYoungGen      total 76288K, used 65536K [0x000000076b500000, 0x0000000770a00000, 0x00000007c0000000)
  eden space 65536K, 100% used [0x000000076b500000,0x000000076f500000,0x000000076f500000)
  from space 10752K, 0% used [0x000000076ff80000,0x000000076ff80000,0x0000000770a00000)
  to   space 10752K, 0% used [0x000000076f500000,0x000000076f500000,0x000000076ff80000)
 ParOldGen       total 114176K, used 10083K [0x00000006c1e00000, 0x00000006c8d80000, 0x000000076b500000)
  object space 114176K, 8% used [0x00000006c1e00000,0x00000006c27d8cd0,0x00000006c8d80000)
 Metaspace       used 32483K, capacity 32986K, committed 33584K, reserved 1079296K
  class space    used 4381K, capacity 4534K, committed 4656K, reserved 1048576K
Event: 2.477 GC heap after
Heap after GC invocations=4 (full 1):
 PSYoungGen      total 76288K, used 9720K [0x000000076b500000, 0x0000000772280000, 0x00000007c0000000)
  eden space 65536K, 0% used [0x000000076b500000,0x000000076b500000,0x000000076f500000)
  from space 10752K, 90% used [0x000000076f500000,0x000000076fe7e2a0,0x000000076ff80000)
  to   space 10752K, 0% used [0x0000000771800000,0x0000000771800000,0x0000000772280000)
 ParOldGen       total 114176K, used 10091K [0x00000006c1e00000, 0x00000006c8d80000, 0x000000076b500000)
  object space 114176K, 8% used [0x00000006c1e00000,0x00000006c27dacd0,0x00000006c8d80000)
 Metaspace       used 32483K, capacity 32986K, committed 33584K, reserved 1079296K
  class space    used 4381K, capacity 4534K, committed 4656K, reserved 1048576K
}

